<CommonBaseEvent creationTime="2017-11-30T10:52:44.641Z" globalInstanceId="A1E7D5BC990E0410F57BB43563613235" msg="RPXE0001W 2 users successfully added" severity="50" version="1.0.1">
	<extendedDataElements name="CommonBaseEventLogRecord:level" type="noValue">
		<children name="CommonBaseEventLogRecord:name" type="string">
			<values>SEVERE</values>
		</children>
		<children name="CommonBaseEventLogRecord:value" type="int">
			<values>1000</values>
		</children>
	</extendedDataElements>
	<extendedDataElements name="CommonBaseEventLogRecord:sequenceNumber" type="long">
		<values>0</values>
	</extendedDataElements>
	<extendedDataElements name="CommonBaseEventLogRecord:threadID" type="int">
		<values>40</values>
	</extendedDataElements>
	<extendedDataElements name="CommonBaseEventLogRecord:loggerName" type="string">
		<values>com.ibm.rational.test.lt.core.logging.PDExecutionLog</values>
	</extendedDataElements>
	<sourceComponentId application="IBM Rational Performance Test#6.1" component="Performance Test Type" componentIdType="Application" executionEnvironment="Java" location="9.109.212.118" locationType="IPV4" subComponent="com.ibm.rational.test.lt.kernel_6.1.0" componentType="Hyades Data Collection Engine Application"/>
	<situation categoryName="ReportSituation">
		<situationType xmlns:xsi="http://www.w3.org/2001/XMLSchema-instance" xsi:type="ReportSituation" reasoningScope="INTERNAL" reportCategory="LOG"/>
	</situation>
</CommonBaseEvent>
<CommonBaseEvent creationTime="2017-11-30T10:54:35.824Z" globalInstanceId="A1E7D5BCDAB98A10F57BB43563613235" msg="RPXE0001W *** stop(30000) commencing   Container:  Engine   &lt;Stopper&gt;" severity="50" version="1.0.1">
	<extendedDataElements name="CommonBaseEventLogRecord:level" type="noValue">
		<children name="CommonBaseEventLogRecord:name" type="string">
			<values>SEVERE</values>
		</children>
		<children name="CommonBaseEventLogRecord:value" type="int">
			<values>1000</values>
		</children>
	</extendedDataElements>
	<extendedDataElements name="CommonBaseEventLogRecord:sequenceNumber" type="long">
		<values>1</values>
	</extendedDataElements>
	<extendedDataElements name="CommonBaseEventLogRecord:threadID" type="int">
		<values>40</values>
	</extendedDataElements>
	<extendedDataElements name="CommonBaseEventLogRecord:loggerName" type="string">
		<values>com.ibm.rational.test.lt.core.logging.PDExecutionLog</values>
	</extendedDataElements>
	<sourceComponentId application="IBM Rational Performance Test#6.1" component="Performance Test Type" componentIdType="Application" executionEnvironment="Java" location="9.109.212.118" locationType="IPV4" subComponent="com.ibm.rational.test.lt.kernel_6.1.0" componentType="Hyades Data Collection Engine Application"/>
	<situation categoryName="ReportSituation">
		<situationType xmlns:xsi="http://www.w3.org/2001/XMLSchema-instance" xsi:type="ReportSituation" reasoningScope="INTERNAL" reportCategory="LOG"/>
	</situation>
</CommonBaseEvent>
<CommonBaseEvent creationTime="2017-11-30T10:54:35.829Z" globalInstanceId="A1E7D5BCDABA2650F57BB43563613235" msg="RPXE0001W 7.7.300 Engine STOP reason All Agents Inactive" severity="50" version="1.0.1">
	<extendedDataElements name="CommonBaseEventLogRecord:level" type="noValue">
		<children name="CommonBaseEventLogRecord:name" type="string">
			<values>SEVERE</values>
		</children>
		<children name="CommonBaseEventLogRecord:value" type="int">
			<values>1000</values>
		</children>
	</extendedDataElements>
	<extendedDataElements name="CommonBaseEventLogRecord:sequenceNumber" type="long">
		<values>2</values>
	</extendedDataElements>
	<extendedDataElements name="CommonBaseEventLogRecord:threadID" type="int">
		<values>40</values>
	</extendedDataElements>
	<extendedDataElements name="CommonBaseEventLogRecord:loggerName" type="string">
		<values>com.ibm.rational.test.lt.core.logging.PDExecutionLog</values>
	</extendedDataElements>
	<sourceComponentId application="IBM Rational Performance Test#6.1" component="Performance Test Type" componentIdType="Application" executionEnvironment="Java" location="9.109.212.118" locationType="IPV4" subComponent="com.ibm.rational.test.lt.kernel_6.1.0" componentType="Hyades Data Collection Engine Application"/>
	<situation categoryName="ReportSituation">
		<situationType xmlns:xsi="http://www.w3.org/2001/XMLSchema-instance" xsi:type="ReportSituation" reasoningScope="INTERNAL" reportCategory="LOG"/>
	</situation>
</CommonBaseEvent>
<CommonBaseEvent creationTime="2017-11-30T10:54:35.830Z" globalInstanceId="A1E7D5BCDABAC290F57BB43563613235" msg="RPXE0001W Problem Determination Log Statistics" severity="50" version="1.0.1">
	<extendedDataElements name="CommonBaseEventLogRecord:level" type="noValue">
		<children name="CommonBaseEventLogRecord:name" type="string">
			<values>SEVERE</values>
		</children>
		<children name="CommonBaseEventLogRecord:value" type="int">
			<values>1000</values>
		</children>
	</extendedDataElements>
	<extendedDataElements name="CommonBaseEventLogRecord:sequenceNumber" type="long">
		<values>3</values>
	</extendedDataElements>
	<extendedDataElements name="CommonBaseEventLogRecord:threadID" type="int">
		<values>40</values>
	</extendedDataElements>
	<extendedDataElements name="CommonBaseEventLogRecord:loggerName" type="string">
		<values>com.ibm.rational.test.lt.core.logging.PDExecutionLog</values>
	</extendedDataElements>
	<sourceComponentId application="IBM Rational Performance Test#6.1" component="Performance Test Type" componentIdType="Application" executionEnvironment="Java" location="9.109.212.118" locationType="IPV4" subComponent="com.ibm.rational.test.lt.kernel_6.1.0" componentType="Hyades Data Collection Engine Application"/>
	<situation categoryName="ReportSituation">
		<situationType xmlns:xsi="http://www.w3.org/2001/XMLSchema-instance" xsi:type="ReportSituation" reasoningScope="INTERNAL" reportCategory="LOG"/>
	</situation>
</CommonBaseEvent>
<CommonBaseEvent creationTime="2017-11-30T10:54:35.831Z" globalInstanceId="A1E7D5BCDABAE9A0F57BB43563613235" msg="RPXE0001W PDLog rejected=0" severity="50" version="1.0.1">
	<extendedDataElements name="CommonBaseEventLogRecord:level" type="noValue">
		<children name="CommonBaseEventLogRecord:name" type="string">
			<values>SEVERE</values>
		</children>
		<children name="CommonBaseEventLogRecord:value" type="int">
			<values>1000</values>
		</children>
	</extendedDataElements>
	<extendedDataElements name="CommonBaseEventLogRecord:sequenceNumber" type="long">
		<values>4</values>
	</extendedDataElements>
	<extendedDataElements name="CommonBaseEventLogRecord:threadID" type="int">
		<values>40</values>
	</extendedDataElements>
	<extendedDataElements name="CommonBaseEventLogRecord:loggerName" type="string">
		<values>com.ibm.rational.test.lt.core.logging.PDExecutionLog</values>
	</extendedDataElements>
	<sourceComponentId application="IBM Rational Performance Test#6.1" component="Performance Test Type" componentIdType="Application" executionEnvironment="Java" location="9.109.212.118" locationType="IPV4" subComponent="com.ibm.rational.test.lt.kernel_6.1.0" componentType="Hyades Data Collection Engine Application"/>
	<situation categoryName="ReportSituation">
		<situationType xmlns:xsi="http://www.w3.org/2001/XMLSchema-instance" xsi:type="ReportSituation" reasoningScope="INTERNAL" reportCategory="LOG"/>
	</situation>
</CommonBaseEvent>
<CommonBaseEvent creationTime="2017-11-30T10:54:35.837Z" globalInstanceId="A1E7D5BCDABB5ED0F57BB43563613235" msg="RPXE0001W *** stop(30000) completed   &lt;Stopper&gt;" severity="50" version="1.0.1">
	<extendedDataElements name="CommonBaseEventLogRecord:level" type="noValue">
		<children name="CommonBaseEventLogRecord:name" type="string">
			<values>SEVERE</values>
		</children>
		<children name="CommonBaseEventLogRecord:value" type="int">
			<values>1000</values>
		</children>
	</extendedDataElements>
	<extendedDataElements name="CommonBaseEventLogRecord:sequenceNumber" type="long">
		<values>5</values>
	</extendedDataElements>
	<extendedDataElements name="CommonBaseEventLogRecord:threadID" type="int">
		<values>40</values>
	</extendedDataElements>
	<extendedDataElements name="CommonBaseEventLogRecord:loggerName" type="string">
		<values>com.ibm.rational.test.lt.core.logging.PDExecutionLog</values>
	</extendedDataElements>
	<sourceComponentId application="IBM Rational Performance Test#6.1" component="Performance Test Type" componentIdType="Application" executionEnvironment="Java" location="9.109.212.118" locationType="IPV4" subComponent="com.ibm.rational.test.lt.kernel_6.1.0" componentType="Hyades Data Collection Engine Application"/>
	<situation categoryName="ReportSituation">
		<situationType xmlns:xsi="http://www.w3.org/2001/XMLSchema-instance" xsi:type="ReportSituation" reasoningScope="INTERNAL" reportCategory="LOG"/>
	</situation>
</CommonBaseEvent>
<CommonBaseEvent creationTime="2017-11-30T10:54:35.837Z" globalInstanceId="A1E7D5BCDABB85E0F57BB43563613235" msg="RPXE0001W BREW actions completed = 1925" severity="50" version="1.0.1">
	<extendedDataElements name="CommonBaseEventLogRecord:level" type="noValue">
		<children name="CommonBaseEventLogRecord:name" type="string">
			<values>SEVERE</values>
		</children>
		<children name="CommonBaseEventLogRecord:value" type="int">
			<values>1000</values>
		</children>
	</extendedDataElements>
	<extendedDataElements name="CommonBaseEventLogRecord:sequenceNumber" type="long">
		<values>6</values>
	</extendedDataElements>
	<extendedDataElements name="CommonBaseEventLogRecord:threadID" type="int">
		<values>40</values>
	</extendedDataElements>
	<extendedDataElements name="CommonBaseEventLogRecord:loggerName" type="string">
		<values>com.ibm.rational.test.lt.core.logging.PDExecutionLog</values>
	</extendedDataElements>
	<sourceComponentId application="IBM Rational Performance Test#6.1" component="Performance Test Type" componentIdType="Application" executionEnvironment="Java" location="9.109.212.118" locationType="IPV4" subComponent="com.ibm.rational.test.lt.kernel_6.1.0" componentType="Hyades Data Collection Engine Application"/>
	<situation categoryName="ReportSituation">
		<situationType xmlns:xsi="http://www.w3.org/2001/XMLSchema-instance" xsi:type="ReportSituation" reasoningScope="INTERNAL" reportCategory="LOG"/>
	</situation>
</CommonBaseEvent>
<CommonBaseEvent creationTime="2017-11-30T10:54:35.837Z" globalInstanceId="A1E7D5BCDABBACF0F57BB43563613235" msg="RPXE0001W BREW largest pool size = 10" severity="50" version="1.0.1">
	<extendedDataElements name="CommonBaseEventLogRecord:level" type="noValue">
		<children name="CommonBaseEventLogRecord:name" type="string">
			<values>SEVERE</values>
		</children>
		<children name="CommonBaseEventLogRecord:value" type="int">
			<values>1000</values>
		</children>
	</extendedDataElements>
	<extendedDataElements name="CommonBaseEventLogRecord:sequenceNumber" type="long">
		<values>7</values>
	</extendedDataElements>
	<extendedDataElements name="CommonBaseEventLogRecord:threadID" type="int">
		<values>40</values>
	</extendedDataElements>
	<extendedDataElements name="CommonBaseEventLogRecord:loggerName" type="string">
		<values>com.ibm.rational.test.lt.core.logging.PDExecutionLog</values>
	</extendedDataElements>
	<sourceComponentId application="IBM Rational Performance Test#6.1" component="Performance Test Type" componentIdType="Application" executionEnvironment="Java" location="9.109.212.118" locationType="IPV4" subComponent="com.ibm.rational.test.lt.kernel_6.1.0" componentType="Hyades Data Collection Engine Application"/>
	<situation categoryName="ReportSituation">
		<situationType xmlns:xsi="http://www.w3.org/2001/XMLSchema-instance" xsi:type="ReportSituation" reasoningScope="INTERNAL" reportCategory="LOG"/>
	</situation>
</CommonBaseEvent>
<CommonBaseEvent creationTime="2017-11-30T10:54:35.838Z" globalInstanceId="A1E7D5BCDABBACF1F57BB43563613235" msg="RPXE0001W Engine STOP commencing worker finalizers" severity="50" version="1.0.1">
	<extendedDataElements name="CommonBaseEventLogRecord:level" type="noValue">
		<children name="CommonBaseEventLogRecord:name" type="string">
			<values>SEVERE</values>
		</children>
		<children name="CommonBaseEventLogRecord:value" type="int">
			<values>1000</values>
		</children>
	</extendedDataElements>
	<extendedDataElements name="CommonBaseEventLogRecord:sequenceNumber" type="long">
		<values>8</values>
	</extendedDataElements>
	<extendedDataElements name="CommonBaseEventLogRecord:threadID" type="int">
		<values>40</values>
	</extendedDataElements>
	<extendedDataElements name="CommonBaseEventLogRecord:loggerName" type="string">
		<values>com.ibm.rational.test.lt.core.logging.PDExecutionLog</values>
	</extendedDataElements>
	<sourceComponentId application="IBM Rational Performance Test#6.1" component="Performance Test Type" componentIdType="Application" executionEnvironment="Java" location="9.109.212.118" locationType="IPV4" subComponent="com.ibm.rational.test.lt.kernel_6.1.0" componentType="Hyades Data Collection Engine Application"/>
	<situation categoryName="ReportSituation">
		<situationType xmlns:xsi="http://www.w3.org/2001/XMLSchema-instance" xsi:type="ReportSituation" reasoningScope="INTERNAL" reportCategory="LOG"/>
	</situation>
</CommonBaseEvent>
<CommonBaseEvent creationTime="2017-11-30T10:54:35.940Z" globalInstanceId="A1E7D5BCDACB1640F57BB43563613235" msg="RPXE0001W Engine STOP wait for finalizers done  completed=10 poolsize=10" severity="50" version="1.0.1">
	<extendedDataElements name="CommonBaseEventLogRecord:level" type="noValue">
		<children name="CommonBaseEventLogRecord:name" type="string">
			<values>SEVERE</values>
		</children>
		<children name="CommonBaseEventLogRecord:value" type="int">
			<values>1000</values>
		</children>
	</extendedDataElements>
	<extendedDataElements name="CommonBaseEventLogRecord:sequenceNumber" type="long">
		<values>9</values>
	</extendedDataElements>
	<extendedDataElements name="CommonBaseEventLogRecord:threadID" type="int">
		<values>40</values>
	</extendedDataElements>
	<extendedDataElements name="CommonBaseEventLogRecord:loggerName" type="string">
		<values>com.ibm.rational.test.lt.core.logging.PDExecutionLog</values>
	</extendedDataElements>
	<sourceComponentId application="IBM Rational Performance Test#6.1" component="Performance Test Type" componentIdType="Application" executionEnvironment="Java" location="9.109.212.118" locationType="IPV4" subComponent="com.ibm.rational.test.lt.kernel_6.1.0" componentType="Hyades Data Collection Engine Application"/>
	<situation categoryName="ReportSituation">
		<situationType xmlns:xsi="http://www.w3.org/2001/XMLSchema-instance" xsi:type="ReportSituation" reasoningScope="INTERNAL" reportCategory="LOG"/>
	</situation>
</CommonBaseEvent>
<CommonBaseEvent creationTime="2017-11-30T10:54:36.523Z" globalInstanceId="A1E7D5BCDB240BB0F57BB43563613235" msg="RPXE0001W Virtual User Stop Statistics" severity="50" version="1.0.1">
	<extendedDataElements name="CommonBaseEventLogRecord:level" type="noValue">
		<children name="CommonBaseEventLogRecord:name" type="string">
			<values>SEVERE</values>
		</children>
		<children name="CommonBaseEventLogRecord:value" type="int">
			<values>1000</values>
		</children>
	</extendedDataElements>
	<extendedDataElements name="CommonBaseEventLogRecord:sequenceNumber" type="long">
		<values>10</values>
	</extendedDataElements>
	<extendedDataElements name="CommonBaseEventLogRecord:threadID" type="int">
		<values>40</values>
	</extendedDataElements>
	<extendedDataElements name="CommonBaseEventLogRecord:loggerName" type="string">
		<values>com.ibm.rational.test.lt.core.logging.PDExecutionLog</values>
	</extendedDataElements>
	<sourceComponentId application="IBM Rational Performance Test#6.1" component="Performance Test Type" componentIdType="Application" executionEnvironment="Java" location="9.109.212.118" locationType="IPV4" subComponent="com.ibm.rational.test.lt.kernel_6.1.0" componentType="Hyades Data Collection Engine Application"/>
	<situation categoryName="ReportSituation">
		<situationType xmlns:xsi="http://www.w3.org/2001/XMLSchema-instance" xsi:type="ReportSituation" reasoningScope="INTERNAL" reportCategory="LOG"/>
	</situation>
</CommonBaseEvent>
<CommonBaseEvent creationTime="2017-11-30T10:54:36.523Z" globalInstanceId="A1E7D5BCDB2432C0F57BB43563613235" msg="RPXE0001W Stop reason Unknown:  2 users" severity="50" version="1.0.1">
	<extendedDataElements name="CommonBaseEventLogRecord:level" type="noValue">
		<children name="CommonBaseEventLogRecord:name" type="string">
			<values>SEVERE</values>
		</children>
		<children name="CommonBaseEventLogRecord:value" type="int">
			<values>1000</values>
		</children>
	</extendedDataElements>
	<extendedDataElements name="CommonBaseEventLogRecord:sequenceNumber" type="long">
		<values>11</values>
	</extendedDataElements>
	<extendedDataElements name="CommonBaseEventLogRecord:threadID" type="int">
		<values>40</values>
	</extendedDataElements>
	<extendedDataElements name="CommonBaseEventLogRecord:loggerName" type="string">
		<values>com.ibm.rational.test.lt.core.logging.PDExecutionLog</values>
	</extendedDataElements>
	<sourceComponentId application="IBM Rational Performance Test#6.1" component="Performance Test Type" componentIdType="Application" executionEnvironment="Java" location="9.109.212.118" locationType="IPV4" subComponent="com.ibm.rational.test.lt.kernel_6.1.0" componentType="Hyades Data Collection Engine Application"/>
	<situation categoryName="ReportSituation">
		<situationType xmlns:xsi="http://www.w3.org/2001/XMLSchema-instance" xsi:type="ReportSituation" reasoningScope="INTERNAL" reportCategory="LOG"/>
	</situation>
</CommonBaseEvent>
<CommonBaseEvent creationTime="2017-11-30T10:54:36.523Z" globalInstanceId="A1E7D5BCDB2432C1F57BB43563613235" msg="RPXE0001W    [User Group 1][000001] stopped at 65435" severity="50" version="1.0.1">
	<extendedDataElements name="CommonBaseEventLogRecord:level" type="noValue">
		<children name="CommonBaseEventLogRecord:name" type="string">
			<values>SEVERE</values>
		</children>
		<children name="CommonBaseEventLogRecord:value" type="int">
			<values>1000</values>
		</children>
	</extendedDataElements>
	<extendedDataElements name="CommonBaseEventLogRecord:sequenceNumber" type="long">
		<values>12</values>
	</extendedDataElements>
	<extendedDataElements name="CommonBaseEventLogRecord:threadID" type="int">
		<values>40</values>
	</extendedDataElements>
	<extendedDataElements name="CommonBaseEventLogRecord:loggerName" type="string">
		<values>com.ibm.rational.test.lt.core.logging.PDExecutionLog</values>
	</extendedDataElements>
	<sourceComponentId application="IBM Rational Performance Test#6.1" component="Performance Test Type" componentIdType="Application" executionEnvironment="Java" location="9.109.212.118" locationType="IPV4" subComponent="com.ibm.rational.test.lt.kernel_6.1.0" componentType="Hyades Data Collection Engine Application"/>
	<situation categoryName="ReportSituation">
		<situationType xmlns:xsi="http://www.w3.org/2001/XMLSchema-instance" xsi:type="ReportSituation" reasoningScope="INTERNAL" reportCategory="LOG"/>
	</situation>
</CommonBaseEvent>
<CommonBaseEvent creationTime="2017-11-30T10:54:36.523Z" globalInstanceId="A1E7D5BCDB2459D0F57BB43563613235" msg="RPXE0001W    [User Group 1][000002] stopped at 105729" severity="50" version="1.0.1">
	<extendedDataElements name="CommonBaseEventLogRecord:level" type="noValue">
		<children name="CommonBaseEventLogRecord:name" type="string">
			<values>SEVERE</values>
		</children>
		<children name="CommonBaseEventLogRecord:value" type="int">
			<values>1000</values>
		</children>
	</extendedDataElements>
	<extendedDataElements name="CommonBaseEventLogRecord:sequenceNumber" type="long">
		<values>13</values>
	</extendedDataElements>
	<extendedDataElements name="CommonBaseEventLogRecord:threadID" type="int">
		<values>40</values>
	</extendedDataElements>
	<extendedDataElements name="CommonBaseEventLogRecord:loggerName" type="string">
		<values>com.ibm.rational.test.lt.core.logging.PDExecutionLog</values>
	</extendedDataElements>
	<sourceComponentId application="IBM Rational Performance Test#6.1" component="Performance Test Type" componentIdType="Application" executionEnvironment="Java" location="9.109.212.118" locationType="IPV4" subComponent="com.ibm.rational.test.lt.kernel_6.1.0" componentType="Hyades Data Collection Engine Application"/>
	<situation categoryName="ReportSituation">
		<situationType xmlns:xsi="http://www.w3.org/2001/XMLSchema-instance" xsi:type="ReportSituation" reasoningScope="INTERNAL" reportCategory="LOG"/>
	</situation>
</CommonBaseEvent>
<CommonBaseEvent creationTime="2017-11-30T10:54:42.121Z" globalInstanceId="A1E7D5BCDE7A89B0F57BB43563613235" msg="RPXE0001W *** Runner process finished normally ***   &lt;main&gt;" severity="50" version="1.0.1">
	<extendedDataElements name="CommonBaseEventLogRecord:level" type="noValue">
		<children name="CommonBaseEventLogRecord:name" type="string">
			<values>SEVERE</values>
		</children>
		<children name="CommonBaseEventLogRecord:value" type="int">
			<values>1000</values>
		</children>
	</extendedDataElements>
	<extendedDataElements name="CommonBaseEventLogRecord:sequenceNumber" type="long">
		<values>14</values>
	</extendedDataElements>
	<extendedDataElements name="CommonBaseEventLogRecord:threadID" type="int">
		<values>40</values>
	</extendedDataElements>
	<extendedDataElements name="CommonBaseEventLogRecord:loggerName" type="string">
		<values>com.ibm.rational.test.lt.core.logging.PDExecutionLog</values>
	</extendedDataElements>
	<sourceComponentId application="IBM Rational Performance Test#6.1" component="Performance Test Type" componentIdType="Application" executionEnvironment="Java" location="9.109.212.118" locationType="IPV4" subComponent="com.ibm.rational.test.lt.kernel_6.1.0" componentType="Hyades Data Collection Engine Application"/>
	<situation categoryName="ReportSituation">
		<situationType xmlns:xsi="http://www.w3.org/2001/XMLSchema-instance" xsi:type="ReportSituation" reasoningScope="INTERNAL" reportCategory="LOG"/>
	</situation>
</CommonBaseEvent>
